
22: 09: 50 root ERROR Ќеверный ввод!
22: 09: 55 root INFO ¬вод координаты прошЄл успешно
22: 09: 55 root INFO ¬вод координаты прошЄл успешно
22: 10: 07 root INFO ¬вод координаты прошЄл успешно
22: 10: 08 root INFO ¬вод координаты прошЄл успешно
22: 10: 08 root INFO  летки одинакового цвета
22: 10: 10 root INFO ¬вод фигуры прошЄл успешно
22: 10: 10 root INFO  летка 2 будет находитьс€ под атакой фигуры на клетке 1 через 1 ход
22: 13: 34 root INFO ¬вод координаты прошЄл успешно
22: 13: 35 root INFO ¬вод координаты прошЄл успешно
22: 13: 41 root INFO ¬вод координаты прошЄл успешно
22: 13: 42 root INFO ¬вод координаты прошЄл успешно
22: 13: 42 root INFO  летки разных цветов
22: 13: 45 root INFO ¬вод фигуры прошЄл успешно
22: 13: 45 root INFO  летка 2 не находитс€ под атакой фиигуры на клетке 1 и не может быть под атакой через 1 ход
22: 14: 01 root INFO ¬вод координаты прошЄл успешно
22: 14: 04 root ERROR Ќеверный ввод!
22: 14: 08 root INFO ¬вод координаты прошЄл успешно
22: 14: 11 root INFO ¬вод координаты прошЄл успешно
22: 14: 15 root ERROR Ќеверный ввод!
22: 14: 16 root INFO ¬вод координаты прошЄл успешно
22: 14: 16 root INFO  летки одинакового цвета
22: 14: 43 root INFO ¬вод фигуры прошЄл успешно
22: 14: 43 root INFO  летка 2 будет находитьс€ под атакой фигуры на клетке 1 через 1 ход
15: 26: 51 root INFO ¬вод координаты прошЄл успешно
15: 26: 53 root INFO ¬вод координаты прошЄл успешно
15: 26: 56 root INFO ¬вод координаты прошЄл успешно
15: 27: 00 root INFO ¬вод координаты прошЄл успешно
15: 27: 00 root INFO  летки разных цветов
15: 27: 02 root INFO ¬вод фигуры прошЄл успешно
15: 27: 02 root INFO  летка 2 не находитс€ под атакой фиигуры на клетке 1 и не может быть под атакой через 1 ход
